#
# There is insufficient memory for the Java Runtime Environment to continue.
# Native memory allocation (malloc) failed to allocate 1709616 bytes for Chunk::new
# Possible reasons:
#   The system is out of physical RAM or swap space
#   The process is running with CompressedOops enabled, and the Java Heap may be blocking the growth of the native heap
# Possible solutions:
#   Reduce memory load on the system
#   Increase physical memory or swap space
#   Check if swap backing store is full
#   Decrease Java heap size (-Xmx/-Xms)
#   Decrease number of Java threads
#   Decrease Java thread stack sizes (-Xss)
#   Set larger code cache with -XX:ReservedCodeCacheSize=
#   JVM is running with Unscaled Compressed Oops mode in which the Java heap is
#     placed in the first 4GB address space. The Java Heap base address is the
#     maximum limit for the native heap growth. Please use -XX:HeapBaseMinAddress
#     to set the Java Heap base and to place the Java Heap above 4GB virtual address.
# This output file may be truncated or incomplete.
#
#  Out of Memory Error (arena.cpp:189), pid=11656, tid=11848
#
# JRE version: OpenJDK Runtime Environment (17.0.6) (build 17.0.6+0-b2043.56-10027231)
# Java VM: OpenJDK 64-Bit Server VM (17.0.6+0-b2043.56-10027231, mixed mode, tiered, compressed oops, compressed class ptrs, g1 gc, windows-amd64)
# No core dump will be written. Minidumps are not enabled by default on client versions of Windows
#

---------------  S U M M A R Y ------------

Command Line: org.jetbrains.kotlin.cli.jvm.K2JVMCompiler @C:\AndroidStudioWorks\TestBook\app\build\20231021_8003453884080947456.compiler.options

Host: AMD Ryzen 3 4300U with Radeon Graphics         , 4 cores, 3G,  Windows 10 , 64 bit Build 19041 (10.0.19041.3570)
Time: Sat Oct 21 00:58:31 2023  Windows 10 , 64 bit Build 19041 (10.0.19041.3570) elapsed time: 6.296328 seconds (0d 0h 0m 6s)

---------------  T H R E A D  ---------------

Current thread (0x00000225641cddb0):  JavaThread "C2 CompilerThread0" daemon [_thread_in_native, id=11848, stack(0x000000826b800000,0x000000826b900000)]


Current CompileTask:
C2:   6296 6576   !   4       jdk.internal.loader.BuiltinClassLoader::findClassOnClassPathOrNull (64 bytes)

Stack: [0x000000826b800000,0x000000826b900000]
Native frames: (J=compiled Java code, j=interpreted, Vv=VM code, C=native code)
V  [jvm.dll+0x683c9a]
V  [jvm.dll+0x8427a4]
V  [jvm.dll+0x843f9e]
V  [jvm.dll+0x844603]
V  [jvm.dll+0x249b75]
V  [jvm.dll+0xabcac]
V  [jvm.dll+0xac27c]
V  [jvm.dll+0x368802]
V  [jvm.dll+0x332f31]
V  [jvm.dll+0x3323da]
V  [jvm.dll+0x21c201]
V  [jvm.dll+0x21b621]
V  [jvm.dll+0x1a4fdd]
V  [jvm.dll+0x22b098]
V  [jvm.dll+0x229159]
V  [jvm.dll+0x7f81ec]
V  [jvm.dll+0x7f274a]
V  [jvm.dll+0x682ad5]
C  [ucrtbase.dll+0x21bb2]
C  [KERNEL32.DLL+0x17344]
C  [ntdll.dll+0x526b1]


---------------  P R O C E S S  ---------------

Threads class SMR info:
_java_thread_list=0x0000022564d46ba0, length=12, elements={
0x000002254d8a7d60, 0x0000022564163c80, 0x0000022564197180, 0x0000022564184040,
0x00000225641aefc0, 0x00000225641afa70, 0x00000225641cd020, 0x00000225641cddb0,
0x00000225641d1d50, 0x00000225641e6410, 0x0000022564d39250, 0x0000022564d3db40
}

Java Threads: ( => current thread )
  0x000002254d8a7d60 JavaThread "main" [_thread_in_Java, id=3084, stack(0x000000826ab00000,0x000000826ac00000)]
  0x0000022564163c80 JavaThread "Reference Handler" daemon [_thread_blocked, id=3324, stack(0x000000826b200000,0x000000826b300000)]
  0x0000022564197180 JavaThread "Finalizer" daemon [_thread_blocked, id=12792, stack(0x000000826b300000,0x000000826b400000)]
  0x0000022564184040 JavaThread "Signal Dispatcher" daemon [_thread_blocked, id=8900, stack(0x000000826b400000,0x000000826b500000)]
  0x00000225641aefc0 JavaThread "Attach Listener" daemon [_thread_blocked, id=7144, stack(0x000000826b500000,0x000000826b600000)]
  0x00000225641afa70 JavaThread "Service Thread" daemon [_thread_blocked, id=3044, stack(0x000000826b600000,0x000000826b700000)]
  0x00000225641cd020 JavaThread "Monitor Deflation Thread" daemon [_thread_blocked, id=11832, stack(0x000000826b700000,0x000000826b800000)]
=>0x00000225641cddb0 JavaThread "C2 CompilerThread0" daemon [_thread_in_native, id=11848, stack(0x000000826b800000,0x000000826b900000)]
  0x00000225641d1d50 JavaThread "C1 CompilerThread0" daemon [_thread_blocked, id=9376, stack(0x000000826b900000,0x000000826ba00000)]
  0x00000225641e6410 JavaThread "Sweeper thread" daemon [_thread_blocked, id=6984, stack(0x000000826ba00000,0x000000826bb00000)]
  0x0000022564d39250 JavaThread "Notification Thread" daemon [_thread_blocked, id=14736, stack(0x000000826bb00000,0x000000826bc00000)]
  0x0000022564d3db40 JavaThread "Common-Cleaner" daemon [_thread_blocked, id=4708, stack(0x000000826bd00000,0x000000826be00000)]

Other Threads:
  0x0000022564159f50 VMThread "VM Thread" [stack: 0x000000826b100000,0x000000826b200000] [id=8204]
  0x000002254d8ede70 WatcherThread [stack: 0x000000826bc00000,0x000000826bd00000] [id=13416]
  0x000002254d8df040 GCTaskThread "GC Thread#0" [stack: 0x000000826ac00000,0x000000826ad00000] [id=8832]
  0x00000225651ba460 GCTaskThread "GC Thread#1" [stack: 0x000000826be00000,0x000000826bf00000] [id=13920]
  0x00000225651cd5d0 GCTaskThread "GC Thread#2" [stack: 0x000000826bf00000,0x000000826c000000] [id=13984]
  0x00000225651cd880 GCTaskThread "GC Thread#3" [stack: 0x000000826c000000,0x000000826c100000] [id=8276]
  0x000002254d8e6b40 ConcurrentGCThread "G1 Main Marker" [stack: 0x000000826ad00000,0x000000826ae00000] [id=15804]
  0x000002254d8e7cf0 ConcurrentGCThread "G1 Conc#0" [stack: 0x000000826ae00000,0x000000826af00000] [id=10620]
  0x000002254d925cf0 ConcurrentGCThread "G1 Refine#0" [stack: 0x000000826af00000,0x000000826b000000] [id=6856]
  0x00000225687ab3a0 ConcurrentGCThread "G1 Refine#1" [stack: 0x000000826c100000,0x000000826c200000] [id=3436]
  0x00000225668c32a0 ConcurrentGCThread "G1 Refine#2" [stack: 0x000000826c200000,0x000000826c300000] [id=2292]
  0x000002254d926710 ConcurrentGCThread "G1 Service" [stack: 0x000000826b000000,0x000000826b100000] [id=13480]

Threads with active compile tasks:
C2 CompilerThread0     6318 6576   !   4       jdk.internal.loader.BuiltinClassLoader::findClassOnClassPathOrNull (64 bytes)

VM state: not at safepoint (normal execution)

VM Mutex/Monitor currently owned by a thread: None

Heap address: 0x00000000ca200000, size: 862 MB, Compressed Oops mode: 32-bit

CDS archive(s) not mapped
Compressed class space mapped at: 0x0000000100000000-0x0000000140000000, reserved size: 1073741824
Narrow klass base: 0x0000000000000000, Narrow klass shift: 3, Narrow klass range: 0x140000000

GC Precious Log:
 CPUs: 4 total, 4 available
 Memory: 3445M
 Large Page Support: Disabled
 NUMA Support: Disabled
 Compressed Oops: Enabled (32-bit)
 Heap Region Size: 1M
 Heap Min Capacity: 8M
 Heap Initial Capacity: 54M
 Heap Max Capacity: 862M
 Pre-touch: Disabled
 Parallel Workers: 4
 Concurrent Workers: 1
 Concurrent Refinement Workers: 4
 Periodic GC: Disabled

Heap:
 garbage-first heap   total 198656K, used 91385K [0x00000000ca200000, 0x0000000100000000)
  region size 1024K, 41 young (41984K), 1 survivors (1024K)
 Metaspace       used 62511K, committed 62784K, reserved 1105920K
  class space    used 7440K, committed 7552K, reserved 1048576K

Heap Regions: E=young(eden), S=young(survivor), O=old, HS=humongous(starts), HC=humongous(continues), CS=collection set, F=free, OA=open archive, CA=closed archive, TAMS=top-at-mark-start (previous, next)
|   0|0x00000000ca200000, 0x00000000ca300000, 0x00000000ca300000|100%|HS|  |TAMS 0x00000000ca300000, 0x00000000ca200000| Complete 
|   1|0x00000000ca300000, 0x00000000ca400000, 0x00000000ca400000|100%|HC|  |TAMS 0x00000000ca400000, 0x00000000ca300000| Complete 
|   2|0x00000000ca400000, 0x00000000ca500000, 0x00000000ca500000|100%|HC|  |TAMS 0x00000000ca500000, 0x00000000ca400000| Complete 
|   3|0x00000000ca500000, 0x00000000ca600000, 0x00000000ca600000|100%|HC|  |TAMS 0x00000000ca600000, 0x00000000ca500000| Complete 
|   4|0x00000000ca600000, 0x00000000ca700000, 0x00000000ca700000|100%| O|  |TAMS 0x00000000ca700000, 0x00000000ca600000| Untracked 
|   5|0x00000000ca700000, 0x00000000ca800000, 0x00000000ca800000|100%| O|  |TAMS 0x00000000ca800000, 0x00000000ca700000| Untracked 
|   6|0x00000000ca800000, 0x00000000ca800000, 0x00000000ca900000|  0%| F|  |TAMS 0x00000000ca800000, 0x00000000ca800000| Untracked 
|   7|0x00000000ca900000, 0x00000000caa00000, 0x00000000caa00000|100%|HS|  |TAMS 0x00000000caa00000, 0x00000000ca900000| Complete 
|   8|0x00000000caa00000, 0x00000000cab00000, 0x00000000cab00000|100%|HC|  |TAMS 0x00000000cab00000, 0x00000000caa00000| Complete 
|   9|0x00000000cab00000, 0x00000000cac00000, 0x00000000cac00000|100%|HC|  |TAMS 0x00000000cac00000, 0x00000000cab00000| Complete 
|  10|0x00000000cac00000, 0x00000000cad00000, 0x00000000cad00000|100%|HC|  |TAMS 0x00000000cad00000, 0x00000000cac00000| Complete 
|  11|0x00000000cad00000, 0x00000000cae00000, 0x00000000cae00000|100%| O|  |TAMS 0x00000000cae00000, 0x00000000cad00000| Untracked 
|  12|0x00000000cae00000, 0x00000000caf00000, 0x00000000caf00000|100%| O|  |TAMS 0x00000000caf00000, 0x00000000cae00000| Untracked 
|  13|0x00000000caf00000, 0x00000000cb000000, 0x00000000cb000000|100%| O|  |TAMS 0x00000000cb000000, 0x00000000caf00000| Untracked 
|  14|0x00000000cb000000, 0x00000000cb100000, 0x00000000cb100000|100%| O|  |TAMS 0x00000000cb100000, 0x00000000cb000000| Untracked 
|  15|0x00000000cb100000, 0x00000000cb200000, 0x00000000cb200000|100%| O|  |TAMS 0x00000000cb200000, 0x00000000cb100000| Untracked 
|  16|0x00000000cb200000, 0x00000000cb300000, 0x00000000cb300000|100%| O|  |TAMS 0x00000000cb300000, 0x00000000cb200000| Untracked 
|  17|0x00000000cb300000, 0x00000000cb400000, 0x00000000cb400000|100%| O|  |TAMS 0x00000000cb400000, 0x00000000cb300000| Untracked 
|  18|0x00000000cb400000, 0x00000000cb500000, 0x00000000cb500000|100%| O|  |TAMS 0x00000000cb500000, 0x00000000cb400000| Untracked 
|  19|0x00000000cb500000, 0x00000000cb600000, 0x00000000cb600000|100%| O|  |TAMS 0x00000000cb600000, 0x00000000cb500000| Untracked 
|  20|0x00000000cb600000, 0x00000000cb700000, 0x00000000cb700000|100%| O|  |TAMS 0x00000000cb700000, 0x00000000cb600000| Untracked 
|  21|0x00000000cb700000, 0x00000000cb800000, 0x00000000cb800000|100%| O|  |TAMS 0x00000000cb800000, 0x00000000cb700000| Untracked 
|  22|0x00000000cb800000, 0x00000000cb900000, 0x00000000cb900000|100%| O|  |TAMS 0x00000000cb900000, 0x00000000cb800000| Untracked 
|  23|0x00000000cb900000, 0x00000000cba00000, 0x00000000cba00000|100%| O|  |TAMS 0x00000000cba00000, 0x00000000cb900000| Untracked 
|  24|0x00000000cba00000, 0x00000000cbb00000, 0x00000000cbb00000|100%| O|  |TAMS 0x00000000cbb00000, 0x00000000cba00000| Untracked 
|  25|0x00000000cbb00000, 0x00000000cbc00000, 0x00000000cbc00000|100%| O|  |TAMS 0x00000000cbc00000, 0x00000000cbb00000| Untracked 
|  26|0x00000000cbc00000, 0x00000000cbd00000, 0x00000000cbd00000|100%| O|  |TAMS 0x00000000cbd00000, 0x00000000cbc00000| Untracked 
|  27|0x00000000cbd00000, 0x00000000cbe00000, 0x00000000cbe00000|100%| O|  |TAMS 0x00000000cbe00000, 0x00000000cbd00000| Untracked 
|  28|0x00000000cbe00000, 0x00000000cbf00000, 0x00000000cbf00000|100%| O|  |TAMS 0x00000000cbf00000, 0x00000000cbe00000| Untracked 
|  29|0x00000000cbf00000, 0x00000000cc000000, 0x00000000cc000000|100%| O|  |TAMS 0x00000000cc000000, 0x00000000cbf00000| Untracked 
|  30|0x00000000cc000000, 0x00000000cc100000, 0x00000000cc100000|100%|HS|  |TAMS 0x00000000cc100000, 0x00000000cc000000| Complete 
|  31|0x00000000cc100000, 0x00000000cc200000, 0x00000000cc200000|100%|HC|  |TAMS 0x00000000cc200000, 0x00000000cc100000| Complete 
|  32|0x00000000cc200000, 0x00000000cc300000, 0x00000000cc300000|100%| O|  |TAMS 0x00000000cc300000, 0x00000000cc200000| Untracked 
|  33|0x00000000cc300000, 0x00000000cc400000, 0x00000000cc400000|100%| O|  |TAMS 0x00000000cc400000, 0x00000000cc300000| Untracked 
|  34|0x00000000cc400000, 0x00000000cc500000, 0x00000000cc500000|100%| O|  |TAMS 0x00000000cc500000, 0x00000000cc400000| Untracked 
|  35|0x00000000cc500000, 0x00000000cc600000, 0x00000000cc600000|100%| O|  |TAMS 0x00000000cc600000, 0x00000000cc500000| Untracked 
|  36|0x00000000cc600000, 0x00000000cc700000, 0x00000000cc700000|100%| O|  |TAMS 0x00000000cc700000, 0x00000000cc600000| Untracked 
|  37|0x00000000cc700000, 0x00000000cc800000, 0x00000000cc800000|100%| O|  |TAMS 0x00000000cc800000, 0x00000000cc700000| Untracked 
|  38|0x00000000cc800000, 0x00000000cc900000, 0x00000000cc900000|100%| O|  |TAMS 0x00000000cc900000, 0x00000000cc800000| Untracked 
|  39|0x00000000cc900000, 0x00000000cca00000, 0x00000000cca00000|100%| O|  |TAMS 0x00000000cca00000, 0x00000000cc900000| Untracked 
|  40|0x00000000cca00000, 0x00000000ccb00000, 0x00000000ccb00000|100%| O|  |TAMS 0x00000000ccb00000, 0x00000000cca00000| Untracked 
|  41|0x00000000ccb00000, 0x00000000ccc00000, 0x00000000ccc00000|100%| O|  |TAMS 0x00000000ccc00000, 0x00000000ccb00000| Untracked 
|  42|0x00000000ccc00000, 0x00000000ccd00000, 0x00000000ccd00000|100%| O|  |TAMS 0x00000000ccd00000, 0x00000000ccc00000| Untracked 
|  43|0x00000000ccd00000, 0x00000000cce00000, 0x00000000cce00000|100%| O|  |TAMS 0x00000000cce00000, 0x00000000ccd00000| Untracked 
|  44|0x00000000cce00000, 0x00000000ccf00000, 0x00000000ccf00000|100%| O|  |TAMS 0x00000000ccf00000, 0x00000000cce00000| Untracked 
|  45|0x00000000ccf00000, 0x00000000cd000000, 0x00000000cd000000|100%| O|  |TAMS 0x00000000cd000000, 0x00000000ccf00000| Untracked 
|  46|0x00000000cd000000, 0x00000000cd100000, 0x00000000cd100000|100%| O|  |TAMS 0x00000000cd100000, 0x00000000cd000000| Untracked 
|  47|0x00000000cd100000, 0x00000000cd200000, 0x00000000cd200000|100%| O|  |TAMS 0x00000000cd100000, 0x00000000cd100000| Untracked 
|  48|0x00000000cd200000, 0x00000000cd300000, 0x00000000cd300000|100%| O|  |TAMS 0x00000000cd200000, 0x00000000cd200000| Untracked 
|  49|0x00000000cd300000, 0x00000000cd400000, 0x00000000cd400000|100%| O|  |TAMS 0x00000000cd300000, 0x00000000cd300000| Untracked 
|  50|0x00000000cd400000, 0x00000000cd447c00, 0x00000000cd500000| 28%| O|  |TAMS 0x00000000cd400000, 0x00000000cd400000| Untracked 
|  51|0x00000000cd500000, 0x00000000cd500000, 0x00000000cd600000|  0%| F|  |TAMS 0x00000000cd500000, 0x00000000cd500000| Untracked 
|  52|0x00000000cd600000, 0x00000000cd600000, 0x00000000cd700000|  0%| F|  |TAMS 0x00000000cd600000, 0x00000000cd600000| Untracked 
|  53|0x00000000cd700000, 0x00000000cd700000, 0x00000000cd800000|  0%| F|  |TAMS 0x00000000cd700000, 0x00000000cd700000| Untracked 
|  54|0x00000000cd800000, 0x00000000cd800000, 0x00000000cd900000|  0%| F|  |TAMS 0x00000000cd800000, 0x00000000cd800000| Untracked 
|  55|0x00000000cd900000, 0x00000000cd900000, 0x00000000cda00000|  0%| F|  |TAMS 0x00000000cd900000, 0x00000000cd900000| Untracked 
|  56|0x00000000cda00000, 0x00000000cda00000, 0x00000000cdb00000|  0%| F|  |TAMS 0x00000000cda00000, 0x00000000cda00000| Untracked 
|  57|0x00000000cdb00000, 0x00000000cdb00000, 0x00000000cdc00000|  0%| F|  |TAMS 0x00000000cdb00000, 0x00000000cdb00000| Untracked 
|  58|0x00000000cdc00000, 0x00000000cdc00000, 0x00000000cdd00000|  0%| F|  |TAMS 0x00000000cdc00000, 0x00000000cdc00000| Untracked 
|  59|0x00000000cdd00000, 0x00000000cdd00000, 0x00000000cde00000|  0%| F|  |TAMS 0x00000000cdd00000, 0x00000000cdd00000| Untracked 
|  60|0x00000000cde00000, 0x00000000cde00000, 0x00000000cdf00000|  0%| F|  |TAMS 0x00000000cde00000, 0x00000000cde00000| Untracked 
|  61|0x00000000cdf00000, 0x00000000cdf00000, 0x00000000ce000000|  0%| F|  |TAMS 0x00000000cdf00000, 0x00000000cdf00000| Untracked 
|  62|0x00000000ce000000, 0x00000000ce000000, 0x00000000ce100000|  0%| F|  |TAMS 0x00000000ce000000, 0x00000000ce000000| Untracked 
|  63|0x00000000ce100000, 0x00000000ce100000, 0x00000000ce200000|  0%| F|  |TAMS 0x00000000ce100000, 0x00000000ce100000| Untracked 
|  64|0x00000000ce200000, 0x00000000ce200000, 0x00000000ce300000|  0%| F|  |TAMS 0x00000000ce200000, 0x00000000ce200000| Untracked 
|  65|0x00000000ce300000, 0x00000000ce300000, 0x00000000ce400000|  0%| F|  |TAMS 0x00000000ce300000, 0x00000000ce300000| Untracked 
|  66|0x00000000ce400000, 0x00000000ce400000, 0x00000000ce500000|  0%| F|  |TAMS 0x00000000ce400000, 0x00000000ce400000| Untracked 
|  67|0x00000000ce500000, 0x00000000ce500000, 0x00000000ce600000|  0%| F|  |TAMS 0x00000000ce500000, 0x00000000ce500000| Untracked 
|  68|0x00000000ce600000, 0x00000000ce600000, 0x00000000ce700000|  0%| F|  |TAMS 0x00000000ce600000, 0x00000000ce600000| Untracked 
|  69|0x00000000ce700000, 0x00000000ce700000, 0x00000000ce800000|  0%| F|  |TAMS 0x00000000ce700000, 0x00000000ce700000| Untracked 
|  70|0x00000000ce800000, 0x00000000ce800000, 0x00000000ce900000|  0%| F|  |TAMS 0x00000000ce800000, 0x00000000ce800000| Untracked 
|  71|0x00000000ce900000, 0x00000000ce900000, 0x00000000cea00000|  0%| F|  |TAMS 0x00000000ce900000, 0x00000000ce900000| Untracked 
|  72|0x00000000cea00000, 0x00000000cea00000, 0x00000000ceb00000|  0%| F|  |TAMS 0x00000000cea00000, 0x00000000cea00000| Untracked 
|  73|0x00000000ceb00000, 0x00000000ceb00000, 0x00000000cec00000|  0%| F|  |TAMS 0x00000000ceb00000, 0x00000000ceb00000| Untracked 
|  74|0x00000000cec00000, 0x00000000cec00000, 0x00000000ced00000|  0%| F|  |TAMS 0x00000000cec00000, 0x00000000cec00000| Untracked 
|  75|0x00000000ced00000, 0x00000000ced00000, 0x00000000cee00000|  0%| F|  |TAMS 0x00000000ced00000, 0x00000000ced00000| Untracked 
|  76|0x00000000cee00000, 0x00000000cee00000, 0x00000000cef00000|  0%| F|  |TAMS 0x00000000cee00000, 0x00000000cee00000| Untracked 
|  77|0x00000000cef00000, 0x00000000cef00000, 0x00000000cf000000|  0%| F|  |TAMS 0x00000000cef00000, 0x00000000cef00000| Untracked 
|  78|0x00000000cf000000, 0x00000000cf000000, 0x00000000cf100000|  0%| F|  |TAMS 0x00000000cf000000, 0x00000000cf000000| Untracked 
|  79|0x00000000cf100000, 0x00000000cf100000, 0x00000000cf200000|  0%| F|  |TAMS 0x00000000cf100000, 0x00000000cf100000| Untracked 
|  80|0x00000000cf200000, 0x00000000cf200000, 0x00000000cf300000|  0%| F|  |TAMS 0x00000000cf200000, 0x00000000cf200000| Untracked 
|  81|0x00000000cf300000, 0x00000000cf300000, 0x00000000cf400000|  0%| F|  |TAMS 0x00000000cf300000, 0x00000000cf300000| Untracked 
|  82|0x00000000cf400000, 0x00000000cf400000, 0x00000000cf500000|  0%| F|  |TAMS 0x00000000cf400000, 0x00000000cf400000| Untracked 
|  83|0x00000000cf500000, 0x00000000cf500000, 0x00000000cf600000|  0%| F|  |TAMS 0x00000000cf500000, 0x00000000cf500000| Untracked 
|  84|0x00000000cf600000, 0x00000000cf600000, 0x00000000cf700000|  0%| F|  |TAMS 0x00000000cf600000, 0x00000000cf600000| Untracked 
|  85|0x00000000cf700000, 0x00000000cf700000, 0x00000000cf800000|  0%| F|  |TAMS 0x00000000cf700000, 0x00000000cf700000| Untracked 
|  86|0x00000000cf800000, 0x00000000cf800000, 0x00000000cf900000|  0%| F|  |TAMS 0x00000000cf800000, 0x00000000cf800000| Untracked 
|  87|0x00000000cf900000, 0x00000000cf900000, 0x00000000cfa00000|  0%| F|  |TAMS 0x00000000cf900000, 0x00000000cf900000| Untracked 
|  88|0x00000000cfa00000, 0x00000000cfa00000, 0x00000000cfb00000|  0%| F|  |TAMS 0x00000000cfa00000, 0x00000000cfa00000| Untracked 
|  89|0x00000000cfb00000, 0x00000000cfb00000, 0x00000000cfc00000|  0%| F|  |TAMS 0x00000000cfb00000, 0x00000000cfb00000| Untracked 
|  90|0x00000000cfc00000, 0x00000000cfc00000, 0x00000000cfd00000|  0%| F|  |TAMS 0x00000000cfc00000, 0x00000000cfc00000| Untracked 
|  91|0x00000000cfd00000, 0x00000000cfd00000, 0x00000000cfe00000|  0%| F|  |TAMS 0x00000000cfd00000, 0x00000000cfd00000| Untracked 
|  92|0x00000000cfe00000, 0x00000000cfe00000, 0x00000000cff00000|  0%| F|  |TAMS 0x00000000cfe00000, 0x00000000cfe00000| Untracked 
|  93|0x00000000cff00000, 0x00000000cff00000, 0x00000000d0000000|  0%| F|  |TAMS 0x00000000cff00000, 0x00000000cff00000| Untracked 
|  94|0x00000000d0000000, 0x00000000d0000000, 0x00000000d0100000|  0%| F|  |TAMS 0x00000000d0000000, 0x00000000d0000000| Untracked 
|  95|0x00000000d0100000, 0x00000000d0100000, 0x00000000d0200000|  0%| F|  |TAMS 0x00000000d0100000, 0x00000000d0100000| Untracked 
|  96|0x00000000d0200000, 0x00000000d0200000, 0x00000000d0300000|  0%| F|  |TAMS 0x00000000d0200000, 0x00000000d0200000| Untracked 
|  97|0x00000000d0300000, 0x00000000d0300000, 0x00000000d0400000|  0%| F|  |TAMS 0x00000000d0300000, 0x00000000d0300000| Untracked 
|  98|0x00000000d0400000, 0x00000000d0400000, 0x00000000d0500000|  0%| F|  |TAMS 0x00000000d0400000, 0x00000000d0400000| Untracked 
|  99|0x00000000d0500000, 0x00000000d0500000, 0x00000000d0600000|  0%| F|  |TAMS 0x00000000d0500000, 0x00000000d0500000| Untracked 
| 100|0x00000000d0600000, 0x00000000d0600000, 0x00000000d0700000|  0%| F|  |TAMS 0x00000000d0600000, 0x00000000d0600000| Untracked 
| 101|0x00000000d0700000, 0x00000000d0700000, 0x00000000d0800000|  0%| F|  |TAMS 0x00000000d0700000, 0x00000000d0700000| Untracked 
| 102|0x00000000d0800000, 0x00000000d0800000, 0x00000000d0900000|  0%| F|  |TAMS 0x00000000d0800000, 0x00000000d0800000| Untracked 
| 103|0x00000000d0900000, 0x00000000d0900000, 0x00000000d0a00000|  0%| F|  |TAMS 0x00000000d0900000, 0x00000000d0900000| Untracked 
| 104|0x00000000d0a00000, 0x00000000d0af6b68, 0x00000000d0b00000| 96%| S|CS|TAMS 0x00000000d0a00000, 0x00000000d0a00000| Complete 
| 105|0x00000000d0b00000, 0x00000000d0b00000, 0x00000000d0c00000|  0%| F|  |TAMS 0x00000000d0b00000, 0x00000000d0b00000| Untracked 
| 106|0x00000000d0c00000, 0x00000000d0c00000, 0x00000000d0d00000|  0%| F|  |TAMS 0x00000000d0c00000, 0x00000000d0c00000| Untracked 
| 107|0x00000000d0d00000, 0x00000000d0d00000, 0x00000000d0e00000|  0%| F|  |TAMS 0x00000000d0d00000, 0x00000000d0d00000| Untracked 
| 108|0x00000000d0e00000, 0x00000000d0e00000, 0x00000000d0f00000|  0%| F|  |TAMS 0x00000000d0e00000, 0x00000000d0e00000| Untracked 
| 109|0x00000000d0f00000, 0x00000000d0f00000, 0x00000000d1000000|  0%| F|  |TAMS 0x00000000d0f00000, 0x00000000d0f00000| Untracked 
| 110|0x00000000d1000000, 0x00000000d1000000, 0x00000000d1100000|  0%| F|  |TAMS 0x00000000d1000000, 0x00000000d1000000| Untracked 
| 111|0x00000000d1100000, 0x00000000d1100000, 0x00000000d1200000|  0%| F|  |TAMS 0x00000000d1100000, 0x00000000d1100000| Untracked 
| 112|0x00000000d1200000, 0x00000000d1200000, 0x00000000d1300000|  0%| F|  |TAMS 0x00000000d1200000, 0x00000000d1200000| Untracked 
| 113|0x00000000d1300000, 0x00000000d1300000, 0x00000000d1400000|  0%| F|  |TAMS 0x00000000d1300000, 0x00000000d1300000| Untracked 
| 114|0x00000000d1400000, 0x00000000d1400000, 0x00000000d1500000|  0%| F|  |TAMS 0x00000000d1400000, 0x00000000d1400000| Untracked 
| 115|0x00000000d1500000, 0x00000000d1500000, 0x00000000d1600000|  0%| F|  |TAMS 0x00000000d1500000, 0x00000000d1500000| Untracked 
| 116|0x00000000d1600000, 0x00000000d1600000, 0x00000000d1700000|  0%| F|  |TAMS 0x00000000d1600000, 0x00000000d1600000| Untracked 
| 117|0x00000000d1700000, 0x00000000d1700000, 0x00000000d1800000|  0%| F|  |TAMS 0x00000000d1700000, 0x00000000d1700000| Untracked 
| 118|0x00000000d1800000, 0x00000000d1800000, 0x00000000d1900000|  0%| F|  |TAMS 0x00000000d1800000, 0x00000000d1800000| Untracked 
| 119|0x00000000d1900000, 0x00000000d1900000, 0x00000000d1a00000|  0%| F|  |TAMS 0x00000000d1900000, 0x00000000d1900000| Untracked 
| 120|0x00000000d1a00000, 0x00000000d1a00000, 0x00000000d1b00000|  0%| F|  |TAMS 0x00000000d1a00000, 0x00000000d1a00000| Untracked 
| 121|0x00000000d1b00000, 0x00000000d1b00000, 0x00000000d1c00000|  0%| F|  |TAMS 0x00000000d1b00000, 0x00000000d1b00000| Untracked 
| 122|0x00000000d1c00000, 0x00000000d1c00000, 0x00000000d1d00000|  0%| F|  |TAMS 0x00000000d1c00000, 0x00000000d1c00000| Untracked 
| 123|0x00000000d1d00000, 0x00000000d1d00000, 0x00000000d1e00000|  0%| F|  |TAMS 0x00000000d1d00000, 0x00000000d1d00000| Untracked 
| 124|0x00000000d1e00000, 0x00000000d1e00000, 0x00000000d1f00000|  0%| F|  |TAMS 0x00000000d1e00000, 0x00000000d1e00000| Untracked 
| 125|0x00000000d1f00000, 0x00000000d1f00000, 0x00000000d2000000|  0%| F|  |TAMS 0x00000000d1f00000, 0x00000000d1f00000| Untracked 
| 126|0x00000000d2000000, 0x00000000d2000000, 0x00000000d2100000|  0%| F|  |TAMS 0x00000000d2000000, 0x00000000d2000000| Untracked 
| 127|0x00000000d2100000, 0x00000000d2100000, 0x00000000d2200000|  0%| F|  |TAMS 0x00000000d2100000, 0x00000000d2100000| Untracked 
| 128|0x00000000d2200000, 0x00000000d2200000, 0x00000000d2300000|  0%| F|  |TAMS 0x00000000d2200000, 0x00000000d2200000| Untracked 
| 129|0x00000000d2300000, 0x00000000d2300000, 0x00000000d2400000|  0%| F|  |TAMS 0x00000000d2300000, 0x00000000d2300000| Untracked 
| 130|0x00000000d2400000, 0x00000000d2400000, 0x00000000d2500000|  0%| F|  |TAMS 0x00000000d2400000, 0x00000000d2400000| Untracked 
| 131|0x00000000d2500000, 0x00000000d2500000, 0x00000000d2600000|  0%| F|  |TAMS 0x00000000d2500000, 0x00000000d2500000| Untracked 
| 132|0x00000000d2600000, 0x00000000d2600000, 0x00000000d2700000|  0%| F|  |TAMS 0x00000000d2600000, 0x00000000d2600000| Untracked 
| 133|0x00000000d2700000, 0x00000000d2700000, 0x00000000d2800000|  0%| F|  |TAMS 0x00000000d2700000, 0x00000000d2700000| Untracked 
| 134|0x00000000d2800000, 0x00000000d2800000, 0x00000000d2900000|  0%| F|  |TAMS 0x00000000d2800000, 0x00000000d2800000| Untracked 
| 135|0x00000000d2900000, 0x00000000d2900000, 0x00000000d2a00000|  0%| F|  |TAMS 0x00000000d2900000, 0x00000000d2900000| Untracked 
| 136|0x00000000d2a00000, 0x00000000d2a00000, 0x00000000d2b00000|  0%| F|  |TAMS 0x00000000d2a00000, 0x00000000d2a00000| Untracked 
| 137|0x00000000d2b00000, 0x00000000d2b00000, 0x00000000d2c00000|  0%| F|  |TAMS 0x00000000d2b00000, 0x00000000d2b00000| Untracked 
| 138|0x00000000d2c00000, 0x00000000d2c00000, 0x00000000d2d00000|  0%| F|  |TAMS 0x00000000d2c00000, 0x00000000d2c00000| Untracked 
| 139|0x00000000d2d00000, 0x00000000d2d00000, 0x00000000d2e00000|  0%| F|  |TAMS 0x00000000d2d00000, 0x00000000d2d00000| Untracked 
| 140|0x00000000d2e00000, 0x00000000d2e00000, 0x00000000d2f00000|  0%| F|  |TAMS 0x00000000d2e00000, 0x00000000d2e00000| Untracked 
| 141|0x00000000d2f00000, 0x00000000d2f00000, 0x00000000d3000000|  0%| F|  |TAMS 0x00000000d2f00000, 0x00000000d2f00000| Untracked 
| 142|0x00000000d3000000, 0x00000000d3000000, 0x00000000d3100000|  0%| F|  |TAMS 0x00000000d3000000, 0x00000000d3000000| Untracked 
| 143|0x00000000d3100000, 0x00000000d3100000, 0x00000000d3200000|  0%| F|  |TAMS 0x00000000d3100000, 0x00000000d3100000| Untracked 
| 144|0x00000000d3200000, 0x00000000d3200000, 0x00000000d3300000|  0%| F|  |TAMS 0x00000000d3200000, 0x00000000d3200000| Untracked 
| 145|0x00000000d3300000, 0x00000000d3300000, 0x00000000d3400000|  0%| F|  |TAMS 0x00000000d3300000, 0x00000000d3300000| Untracked 
| 146|0x00000000d3400000, 0x00000000d3400000, 0x00000000d3500000|  0%| F|  |TAMS 0x00000000d3400000, 0x00000000d3400000| Untracked 
| 147|0x00000000d3500000, 0x00000000d3500000, 0x00000000d3600000|  0%| F|  |TAMS 0x00000000d3500000, 0x00000000d3500000| Untracked 
| 148|0x00000000d3600000, 0x00000000d3600000, 0x00000000d3700000|  0%| F|  |TAMS 0x00000000d3600000, 0x00000000d3600000| Untracked 
| 149|0x00000000d3700000, 0x00000000d3700000, 0x00000000d3800000|  0%| F|  |TAMS 0x00000000d3700000, 0x00000000d3700000| Untracked 
| 150|0x00000000d3800000, 0x00000000d3800000, 0x00000000d3900000|  0%| F|  |TAMS 0x00000000d3800000, 0x00000000d3800000| Untracked 
| 151|0x00000000d3900000, 0x00000000d3900000, 0x00000000d3a00000|  0%| F|  |TAMS 0x00000000d3900000, 0x00000000d3900000| Untracked 
| 152|0x00000000d3a00000, 0x00000000d3a00000, 0x00000000d3b00000|  0%| F|  |TAMS 0x00000000d3a00000, 0x00000000d3a00000| Untracked 
| 153|0x00000000d3b00000, 0x00000000d3b80800, 0x00000000d3c00000| 50%| E|  |TAMS 0x00000000d3b00000, 0x00000000d3b00000| Complete 
| 154|0x00000000d3c00000, 0x00000000d3d00000, 0x00000000d3d00000|100%| E|CS|TAMS 0x00000000d3c00000, 0x00000000d3c00000| Complete 
| 155|0x00000000d3d00000, 0x00000000d3e00000, 0x00000000d3e00000|100%| E|CS|TAMS 0x00000000d3d00000, 0x00000000d3d00000| Complete 
| 156|0x00000000d3e00000, 0x00000000d3f00000, 0x00000000d3f00000|100%| E|CS|TAMS 0x00000000d3e00000, 0x00000000d3e00000| Complete 
| 157|0x00000000d3f00000, 0x00000000d4000000, 0x00000000d4000000|100%| E|CS|TAMS 0x00000000d3f00000, 0x00000000d3f00000| Complete 
| 158|0x00000000d4000000, 0x00000000d4100000, 0x00000000d4100000|100%| E|CS|TAMS 0x00000000d4000000, 0x00000000d4000000| Complete 
| 159|0x00000000d4100000, 0x00000000d4200000, 0x00000000d4200000|100%| E|CS|TAMS 0x00000000d4100000, 0x00000000d4100000| Complete 
| 160|0x00000000d4200000, 0x00000000d4300000, 0x00000000d4300000|100%| E|CS|TAMS 0x00000000d4200000, 0x00000000d4200000| Complete 
| 161|0x00000000d4300000, 0x00000000d4400000, 0x00000000d4400000|100%| E|CS|TAMS 0x00000000d4300000, 0x00000000d4300000| Complete 
| 162|0x00000000d4400000, 0x00000000d4500000, 0x00000000d4500000|100%| E|CS|TAMS 0x00000000d4400000, 0x00000000d4400000| Complete 
| 163|0x00000000d4500000, 0x00000000d4600000, 0x00000000d4600000|100%| E|CS|TAMS 0x00000000d4500000, 0x00000000d4500000| Complete 
| 164|0x00000000d4600000, 0x00000000d4700000, 0x00000000d4700000|100%| E|CS|TAMS 0x00000000d4600000, 0x00000000d4600000| Complete 
| 165|0x00000000d4700000, 0x00000000d4800000, 0x00000000d4800000|100%| E|CS|TAMS 0x00000000d4700000, 0x00000000d4700000| Complete 
| 166|0x00000000d4800000, 0x00000000d4900000, 0x00000000d4900000|100%| E|CS|TAMS 0x00000000d4800000, 0x00000000d4800000| Complete 
| 167|0x00000000d4900000, 0x00000000d4a00000, 0x00000000d4a00000|100%| E|CS|TAMS 0x00000000d4900000, 0x00000000d4900000| Complete 
| 168|0x00000000d4a00000, 0x00000000d4b00000, 0x00000000d4b00000|100%| E|CS|TAMS 0x00000000d4a00000, 0x00000000d4a00000| Complete 
| 169|0x00000000d4b00000, 0x00000000d4c00000, 0x00000000d4c00000|100%| E|CS|TAMS 0x00000000d4b00000, 0x00000000d4b00000| Complete 
| 170|0x00000000d4c00000, 0x00000000d4d00000, 0x00000000d4d00000|100%| E|CS|TAMS 0x00000000d4c00000, 0x00000000d4c00000| Complete 
| 171|0x00000000d4d00000, 0x00000000d4e00000, 0x00000000d4e00000|100%| E|CS|TAMS 0x00000000d4d00000, 0x00000000d4d00000| Complete 
| 172|0x00000000d4e00000, 0x00000000d4f00000, 0x00000000d4f00000|100%| E|CS|TAMS 0x00000000d4e00000, 0x00000000d4e00000| Complete 
| 173|0x00000000d4f00000, 0x00000000d5000000, 0x00000000d5000000|100%| E|CS|TAMS 0x00000000d4f00000, 0x00000000d4f00000| Complete 
| 174|0x00000000d5000000, 0x00000000d5100000, 0x00000000d5100000|100%| E|CS|TAMS 0x00000000d5000000, 0x00000000d5000000| Complete 
| 175|0x00000000d5100000, 0x00000000d5200000, 0x00000000d5200000|100%| E|CS|TAMS 0x00000000d5100000, 0x00000000d5100000| Complete 
| 176|0x00000000d5200000, 0x00000000d5300000, 0x00000000d5300000|100%| E|CS|TAMS 0x00000000d5200000, 0x00000000d5200000| Complete 
| 177|0x00000000d5300000, 0x00000000d5400000, 0x00000000d5400000|100%| E|CS|TAMS 0x00000000d5300000, 0x00000000d5300000| Complete 
| 178|0x00000000d5400000, 0x00000000d5500000, 0x00000000d5500000|100%| E|CS|TAMS 0x00000000d5400000, 0x00000000d5400000| Complete 
| 179|0x00000000d5500000, 0x00000000d5600000, 0x00000000d5600000|100%| E|CS|TAMS 0x00000000d5500000, 0x00000000d5500000| Complete 
| 180|0x00000000d5600000, 0x00000000d5700000, 0x00000000d5700000|100%| E|CS|TAMS 0x00000000d5600000, 0x00000000d5600000| Complete 
| 181|0x00000000d5700000, 0x00000000d5800000, 0x00000000d5800000|100%| E|CS|TAMS 0x00000000d5700000, 0x00000000d5700000| Complete 
| 182|0x00000000d5800000, 0x00000000d5900000, 0x00000000d5900000|100%| E|CS|TAMS 0x00000000d5800000, 0x00000000d5800000| Complete 
| 183|0x00000000d5900000, 0x00000000d5a00000, 0x00000000d5a00000|100%| E|CS|TAMS 0x00000000d5900000, 0x00000000d5900000| Complete 
| 184|0x00000000d5a00000, 0x00000000d5b00000, 0x00000000d5b00000|100%| E|CS|TAMS 0x00000000d5a00000, 0x00000000d5a00000| Complete 
| 185|0x00000000d5b00000, 0x00000000d5c00000, 0x00000000d5c00000|100%| E|CS|TAMS 0x00000000d5b00000, 0x00000000d5b00000| Complete 
| 186|0x00000000d5c00000, 0x00000000d5d00000, 0x00000000d5d00000|100%| E|CS|TAMS 0x00000000d5c00000, 0x00000000d5c00000| Complete 
| 187|0x00000000d5d00000, 0x00000000d5e00000, 0x00000000d5e00000|100%| E|CS|TAMS 0x00000000d5d00000, 0x00000000d5d00000| Complete 
| 188|0x00000000d5e00000, 0x00000000d5f00000, 0x00000000d5f00000|100%| E|CS|TAMS 0x00000000d5e00000, 0x00000000d5e00000| Complete 
| 189|0x00000000d5f00000, 0x00000000d6000000, 0x00000000d6000000|100%| E|CS|TAMS 0x00000000d5f00000, 0x00000000d5f00000| Complete 
| 190|0x00000000d6000000, 0x00000000d6100000, 0x00000000d6100000|100%| E|CS|TAMS 0x00000000d6000000, 0x00000000d6000000| Complete 
| 191|0x00000000d6100000, 0x00000000d6200000, 0x00000000d6200000|100%| E|CS|TAMS 0x00000000d6100000, 0x00000000d6100000| Complete 
| 192|0x00000000d6200000, 0x00000000d6300000, 0x00000000d6300000|100%| E|CS|TAMS 0x00000000d6200000, 0x00000000d6200000| Complete 
| 193|0x00000000d6300000, 0x00000000d6400000, 0x00000000d6400000|100%| E|CS|TAMS 0x00000000d6300000, 0x00000000d6300000| Complete 

Card table byte_map: [0x000002255fd80000,0x000002255ff30000] _byte_map_base: 0x000002255f72f000

Marking Bits (Prev, Next): (CMBitMap*) 0x000002254d8df690, (CMBitMap*) 0x000002254d8df650
 Prev Bits: [0x0000022560e60000, 0x0000022561bd8000)
 Next Bits: [0x00000225600e0000, 0x0000022560e58000)

Polling page: 0x000002254b830000

Metaspace:

Usage:
  Non-class:     53.78 MB used.
      Class:      7.27 MB used.
       Both:     61.05 MB used.

Virtual space:
  Non-class space:       56.00 MB reserved,      53.94 MB ( 96%) committed,  7 nodes.
      Class space:        1.00 GB reserved,       7.38 MB ( <1%) committed,  1 nodes.
             Both:        1.05 GB reserved,      61.31 MB (  6%) committed. 

Chunk freelists:
   Non-Class:  1.36 MB
       Class:  592.00 KB
        Both:  1.94 MB

MaxMetaspaceSize: unlimited
CompressedClassSpaceSize: 1.00 GB
Initial GC threshold: 21.00 MB
Current GC threshold: 93.12 MB
CDS: off
MetaspaceReclaimPolicy: balanced
 - commit_granule_bytes: 65536.
 - commit_granule_words: 8192.
 - virtual_space_node_default_size: 1048576.
 - enlarge_chunks_in_place: 1.
 - new_chunks_are_fully_committed: 0.
 - uncommit_free_chunks: 1.
 - use_allocation_guard: 0.
 - handle_deallocations: 1.


Internal statistics:

num_allocs_failed_limit: 9.
num_arena_births: 262.
num_arena_deaths: 0.
num_vsnodes_births: 8.
num_vsnodes_deaths: 0.
num_space_committed: 979.
num_space_uncommitted: 0.
num_chunks_returned_to_freelist: 9.
num_chunks_taken_from_freelist: 2158.
num_chunk_merges: 9.
num_chunk_splits: 1732.
num_chunks_enlarged: 1528.
num_purges: 0.
num_inconsistent_stats: 0.

CodeHeap 'non-profiled nmethods': size=120000Kb used=2152Kb max_used=2575Kb free=117847Kb
 bounds [0x0000022558850000, 0x0000022558ae0000, 0x000002255fd80000]
CodeHeap 'profiled nmethods': size=120000Kb used=12382Kb max_used=14218Kb free=107617Kb
 bounds [0x0000022550d80000, 0x0000022551b90000, 0x00000225582b0000]
CodeHeap 'non-nmethods': size=5760Kb used=1309Kb max_used=1355Kb free=4450Kb
 bounds [0x00000225582b0000, 0x0000022558520000, 0x0000022558850000]
 total_blobs=6567 nmethods=5941 adapters=537
 compilation: enabled
              stopped_count=0, restarted_count=0
 full_count=0

Compilation events (20 events):
Event: 6.283 Thread 0x00000225641d1d50 nmethod 6721 0x0000022550f60710 code [0x0000022550f608a0, 0x0000022550f609e8]
Event: 6.283 Thread 0x00000225641d1d50 6722   !   2       org.jetbrains.kotlin.com.intellij.psi.impl.compiled.StubBuildingVisitor::visitMethod (767 bytes)
Event: 6.285 Thread 0x00000225641d1d50 nmethod 6722 0x000002255115be10 code [0x000002255115c2a0, 0x000002255115daa8]
Event: 6.285 Thread 0x00000225641d1d50 6725       2       org.jetbrains.kotlin.com.intellij.openapi.util.text.StringUtil::isJavaIdentifier (62 bytes)
Event: 6.286 Thread 0x00000225641d1d50 nmethod 6725 0x0000022550f31a10 code [0x0000022550f31c20, 0x0000022550f32128]
Event: 6.286 Thread 0x00000225641d1d50 6726       2       org.jetbrains.kotlin.com.intellij.psi.stubs.MostlyUShortIntList::applyAsInt (6 bytes)
Event: 6.286 Thread 0x00000225641d1d50 nmethod 6726 0x0000022550eef290 code [0x0000022550eef440, 0x0000022550eef648]
Event: 6.286 Thread 0x00000225641d1d50 6723       2       org.jetbrains.kotlin.com.intellij.psi.impl.compiled.FirstPassData::createTypes (19 bytes)
Event: 6.286 Thread 0x00000225641d1d50 nmethod 6723 0x0000022550f40890 code [0x0000022550f40a40, 0x0000022550f40c38]
Event: 6.287 Thread 0x00000225641d1d50 6724       2       org.jetbrains.org.objectweb.asm.Label::addLineNumber (89 bytes)
Event: 6.287 Thread 0x00000225641d1d50 nmethod 6724 0x0000022550dfc210 code [0x0000022550dfc3e0, 0x0000022550dfc848]
Event: 6.287 Thread 0x00000225641d1d50 6727       2       java.lang.invoke.Invokers$Holder::linkToTargetMethod (13 bytes)
Event: 6.287 Thread 0x00000225641d1d50 nmethod 6727 0x0000022551086310 code [0x00000225510864c0, 0x0000022551086638]
Event: 6.287 Thread 0x00000225641d1d50 6728       2       java.lang.invoke.LambdaForm$DMH/0x0000000100194000::newInvokeSpecial (30 bytes)
Event: 6.288 Thread 0x00000225641d1d50 nmethod 6728 0x0000022551103410 code [0x00000225511035c0, 0x00000225511037a8]
Event: 6.288 Thread 0x00000225641d1d50 6729       2       org.jetbrains.kotlin.com.intellij.util.containers.ConcurrentFactoryMap::notNull (12 bytes)
Event: 6.288 Thread 0x00000225641d1d50 nmethod 6729 0x0000022550e9e210 code [0x0000022550e9e3a0, 0x0000022550e9e498]
Event: 6.291 Thread 0x00000225641d1d50 6731       1       org.jetbrains.kotlin.com.intellij.psi.stubs.PsiFileStubImpl::getPsi (5 bytes)
Event: 6.291 Thread 0x00000225641d1d50 nmethod 6731 0x000002255894cd10 code [0x000002255894cea0, 0x000002255894cf78]
Event: 6.291 Thread 0x00000225641d1d50 6732   !   2       org.jetbrains.kotlin.com.intellij.psi.impl.source.tree.LazyParseableElement::waitForLock (33 bytes)

GC Heap History (20 events):
Event: 3.248 GC heap before
{Heap before GC invocations=16 (full 0):
 garbage-first heap   total 56320K, used 43349K [0x00000000ca200000, 0x0000000100000000)
  region size 1024K, 15 young (15360K), 2 survivors (2048K)
 Metaspace       used 47679K, committed 47936K, reserved 1097728K
  class space    used 5747K, committed 5888K, reserved 1048576K
}
Event: 3.253 GC heap after
{Heap after GC invocations=17 (full 0):
 garbage-first heap   total 72704K, used 31294K [0x00000000ca200000, 0x0000000100000000)
  region size 1024K, 2 young (2048K), 2 survivors (2048K)
 Metaspace       used 47679K, committed 47936K, reserved 1097728K
  class space    used 5747K, committed 5888K, reserved 1048576K
}
Event: 3.547 GC heap before
{Heap before GC invocations=18 (full 0):
 garbage-first heap   total 72704K, used 49726K [0x00000000ca200000, 0x0000000100000000)
  region size 1024K, 20 young (20480K), 2 survivors (2048K)
 Metaspace       used 49670K, committed 49984K, reserved 1097728K
  class space    used 5956K, committed 6080K, reserved 1048576K
}
Event: 3.556 GC heap after
{Heap after GC invocations=19 (full 0):
 garbage-first heap   total 72704K, used 36782K [0x00000000ca200000, 0x0000000100000000)
  region size 1024K, 4 young (4096K), 4 survivors (4096K)
 Metaspace       used 49670K, committed 49984K, reserved 1097728K
  class space    used 5956K, committed 6080K, reserved 1048576K
}
Event: 3.631 GC heap before
{Heap before GC invocations=20 (full 0):
 garbage-first heap   total 78848K, used 56238K [0x00000000ca200000, 0x0000000100000000)
  region size 1024K, 23 young (23552K), 4 survivors (4096K)
 Metaspace       used 49776K, committed 50048K, reserved 1097728K
  class space    used 5956K, committed 6080K, reserved 1048576K
}
Event: 3.636 GC heap after
{Heap after GC invocations=21 (full 0):
 garbage-first heap   total 78848K, used 38259K [0x00000000ca200000, 0x0000000100000000)
  region size 1024K, 2 young (2048K), 2 survivors (2048K)
 Metaspace       used 49776K, committed 50048K, reserved 1097728K
  class space    used 5956K, committed 6080K, reserved 1048576K
}
Event: 4.017 GC heap before
{Heap before GC invocations=21 (full 0):
 garbage-first heap   total 78848K, used 59763K [0x00000000ca200000, 0x0000000100000000)
  region size 1024K, 24 young (24576K), 2 survivors (2048K)
 Metaspace       used 54559K, committed 54848K, reserved 1097728K
  class space    used 6515K, committed 6656K, reserved 1048576K
}
Event: 4.023 GC heap after
{Heap after GC invocations=22 (full 0):
 garbage-first heap   total 78848K, used 39980K [0x00000000ca200000, 0x0000000100000000)
  region size 1024K, 3 young (3072K), 3 survivors (3072K)
 Metaspace       used 54559K, committed 54848K, reserved 1097728K
  class space    used 6515K, committed 6656K, reserved 1048576K
}
Event: 4.583 GC heap before
{Heap before GC invocations=23 (full 0):
 garbage-first heap   total 78848K, used 61484K [0x00000000ca200000, 0x0000000100000000)
  region size 1024K, 24 young (24576K), 3 survivors (3072K)
 Metaspace       used 56073K, committed 56320K, reserved 1105920K
  class space    used 6593K, committed 6720K, reserved 1048576K
}
Event: 4.594 GC heap after
{Heap after GC invocations=24 (full 0):
 garbage-first heap   total 78848K, used 43891K [0x00000000ca200000, 0x0000000100000000)
  region size 1024K, 3 young (3072K), 3 survivors (3072K)
 Metaspace       used 56073K, committed 56320K, reserved 1105920K
  class space    used 6593K, committed 6720K, reserved 1048576K
}
Event: 4.858 GC heap before
{Heap before GC invocations=24 (full 0):
 garbage-first heap   total 78848K, used 62323K [0x00000000ca200000, 0x0000000100000000)
  region size 1024K, 21 young (21504K), 3 survivors (3072K)
 Metaspace       used 56397K, committed 56768K, reserved 1105920K
  class space    used 6612K, committed 6784K, reserved 1048576K
}
Event: 4.869 GC heap after
{Heap after GC invocations=25 (full 0):
 garbage-first heap   total 78848K, used 47456K [0x00000000ca200000, 0x0000000100000000)
  region size 1024K, 3 young (3072K), 3 survivors (3072K)
 Metaspace       used 56397K, committed 56768K, reserved 1105920K
  class space    used 6612K, committed 6784K, reserved 1048576K
}
Event: 5.070 GC heap before
{Heap before GC invocations=26 (full 0):
 garbage-first heap   total 87040K, used 62816K [0x00000000ca200000, 0x0000000100000000)
  region size 1024K, 18 young (18432K), 3 survivors (3072K)
 Metaspace       used 56710K, committed 57024K, reserved 1105920K
  class space    used 6636K, committed 6784K, reserved 1048576K
}
Event: 5.080 GC heap after
{Heap after GC invocations=27 (full 0):
 garbage-first heap   total 87040K, used 50415K [0x00000000ca200000, 0x0000000100000000)
  region size 1024K, 3 young (3072K), 3 survivors (3072K)
 Metaspace       used 56710K, committed 57024K, reserved 1105920K
  class space    used 6636K, committed 6784K, reserved 1048576K
}
Event: 5.112 GC heap before
{Heap before GC invocations=27 (full 0):
 garbage-first heap   total 87040K, used 68847K [0x00000000ca200000, 0x0000000100000000)
  region size 1024K, 21 young (21504K), 3 survivors (3072K)
 Metaspace       used 56749K, committed 57088K, reserved 1105920K
  class space    used 6636K, committed 6784K, reserved 1048576K
}
Event: 5.116 GC heap after
{Heap after GC invocations=28 (full 0):
 garbage-first heap   total 87040K, used 51007K [0x00000000ca200000, 0x0000000100000000)
  region size 1024K, 1 young (1024K), 1 survivors (1024K)
 Metaspace       used 56749K, committed 57088K, reserved 1105920K
  class space    used 6636K, committed 6784K, reserved 1048576K
}
Event: 5.236 GC heap before
{Heap before GC invocations=29 (full 0):
 garbage-first heap   total 112640K, used 69439K [0x00000000ca200000, 0x0000000100000000)
  region size 1024K, 19 young (19456K), 1 survivors (1024K)
 Metaspace       used 57654K, committed 57984K, reserved 1105920K
  class space    used 6758K, committed 6912K, reserved 1048576K
}
Event: 5.238 GC heap after
{Heap after GC invocations=30 (full 0):
 garbage-first heap   total 112640K, used 50960K [0x00000000ca200000, 0x0000000100000000)
  region size 1024K, 1 young (1024K), 1 survivors (1024K)
 Metaspace       used 57654K, committed 57984K, reserved 1105920K
  class space    used 6758K, committed 6912K, reserved 1048576K
}
Event: 5.289 GC heap before
{Heap before GC invocations=30 (full 0):
 garbage-first heap   total 112640K, used 55056K [0x00000000ca200000, 0x0000000100000000)
  region size 1024K, 5 young (5120K), 1 survivors (1024K)
 Metaspace       used 58148K, committed 58496K, reserved 1105920K
  class space    used 6811K, committed 6976K, reserved 1048576K
}
Event: 5.293 GC heap after
{Heap after GC invocations=31 (full 0):
 garbage-first heap   total 198656K, used 51449K [0x00000000ca200000, 0x0000000100000000)
  region size 1024K, 1 young (1024K), 1 survivors (1024K)
 Metaspace       used 58148K, committed 58496K, reserved 1105920K
  class space    used 6811K, committed 6976K, reserved 1048576K
}

Dll operation events (2 events):
Event: 0.014 Loaded shared library C:\Program Files\Android\Android Studio\jbr\bin\java.dll
Event: 0.940 Loaded shared library C:\Program Files\Android\Android Studio\jbr\bin\verify.dll

Deoptimization events (20 events):
Event: 6.128 Thread 0x000002254d8a7d60 Uncommon trap: trap_request=0xffffffc6 fr.pc=0x0000022558a3a9c0 relative=0x0000000000002340
Event: 6.128 Thread 0x000002254d8a7d60 Uncommon trap: reason=bimorphic_or_optimized_type_check action=maybe_recompile pc=0x0000022558a3a9c0 method=org.jetbrains.org.objectweb.asm.ClassReader.readElementValue(Lorg/jetbrains/org/objectweb/asm/AnnotationVisitor;ILjava/lang/String;[C)I @ 1208 c2
Event: 6.128 Thread 0x000002254d8a7d60 DEOPT PACKING pc=0x0000022558a3a9c0 sp=0x000000826abf8210
Event: 6.128 Thread 0x000002254d8a7d60 DEOPT UNPACKING pc=0x00000225583069a3 sp=0x000000826abf8180 mode 2
Event: 6.128 Thread 0x000002254d8a7d60 Uncommon trap: trap_request=0xffffffc6 fr.pc=0x0000022558a3aac8 relative=0x0000000000002448
Event: 6.128 Thread 0x000002254d8a7d60 Uncommon trap: reason=bimorphic_or_optimized_type_check action=maybe_recompile pc=0x0000022558a3aac8 method=org.jetbrains.org.objectweb.asm.ClassReader.readElementValue(Lorg/jetbrains/org/objectweb/asm/AnnotationVisitor;ILjava/lang/String;[C)I @ 1022 c2
Event: 6.128 Thread 0x000002254d8a7d60 DEOPT PACKING pc=0x0000022558a3aac8 sp=0x000000826abf8210
Event: 6.128 Thread 0x000002254d8a7d60 DEOPT UNPACKING pc=0x00000225583069a3 sp=0x000000826abf8180 mode 2
Event: 6.128 Thread 0x000002254d8a7d60 Uncommon trap: trap_request=0xffffffc6 fr.pc=0x0000022558a3a9b0 relative=0x0000000000002330
Event: 6.128 Thread 0x000002254d8a7d60 Uncommon trap: reason=bimorphic_or_optimized_type_check action=maybe_recompile pc=0x0000022558a3a9b0 method=org.jetbrains.org.objectweb.asm.ClassReader.readElementValue(Lorg/jetbrains/org/objectweb/asm/AnnotationVisitor;ILjava/lang/String;[C)I @ 398 c2
Event: 6.128 Thread 0x000002254d8a7d60 DEOPT PACKING pc=0x0000022558a3a9b0 sp=0x000000826abf8210
Event: 6.128 Thread 0x000002254d8a7d60 DEOPT UNPACKING pc=0x00000225583069a3 sp=0x000000826abf8180 mode 2
Event: 6.128 Thread 0x000002254d8a7d60 Uncommon trap: trap_request=0xffffffc6 fr.pc=0x0000022558a3a9b0 relative=0x0000000000002330
Event: 6.128 Thread 0x000002254d8a7d60 Uncommon trap: reason=bimorphic_or_optimized_type_check action=maybe_recompile pc=0x0000022558a3a9b0 method=org.jetbrains.org.objectweb.asm.ClassReader.readElementValue(Lorg/jetbrains/org/objectweb/asm/AnnotationVisitor;ILjava/lang/String;[C)I @ 398 c2
Event: 6.128 Thread 0x000002254d8a7d60 DEOPT PACKING pc=0x0000022558a3a9b0 sp=0x000000826abf8210
Event: 6.128 Thread 0x000002254d8a7d60 DEOPT UNPACKING pc=0x00000225583069a3 sp=0x000000826abf8180 mode 2
Event: 6.237 Thread 0x000002254d8a7d60 Uncommon trap: trap_request=0xffffff76 fr.pc=0x0000022558a78ca0 relative=0x00000000000003e0
Event: 6.237 Thread 0x000002254d8a7d60 Uncommon trap: reason=predicate action=maybe_recompile pc=0x0000022558a78ca0 method=java.util.regex.Pattern$Slice.match(Ljava/util/regex/Matcher;ILjava/lang/CharSequence;)Z @ 18 c2
Event: 6.237 Thread 0x000002254d8a7d60 DEOPT PACKING pc=0x0000022558a78ca0 sp=0x000000826abfb810
Event: 6.237 Thread 0x000002254d8a7d60 DEOPT UNPACKING pc=0x00000225583069a3 sp=0x000000826abfb718 mode 2

Classes unloaded (0 events):
No events

Classes redefined (0 events):
No events

Internal exceptions (20 events):
Event: 3.082 Thread 0x000002254d8a7d60 Exception <a 'java/lang/NoSuchMethodError'{0x00000000cd121838}: 'java.lang.Object java.lang.invoke.DirectMethodHandle$Holder.newInvokeSpecial(java.lang.Object, java.lang.Object, java.lang.Object, int)'> (0x00000000cd121838) 
thrown [s\src\hotspot\share\interpreter\linkResolver.cpp, line 771]
Event: 3.082 Thread 0x000002254d8a7d60 Exception <a 'java/lang/NoSuchMethodError'{0x00000000cd125ec0}: 'java.lang.Object java.lang.invoke.DirectMethodHandle$Holder.invokeSpecial(java.lang.Object, java.lang.Object, java.lang.Object, java.lang.Object, int)'> (0x00000000cd125ec0) 
thrown [s\src\hotspot\share\interpreter\linkResolver.cpp, line 771]
Event: 3.082 Thread 0x000002254d8a7d60 Exception <a 'java/lang/NoSuchMethodError'{0x00000000cd129d30}: 'java.lang.Object java.lang.invoke.Invokers$Holder.linkToTargetMethod(java.lang.Object, java.lang.Object, int, java.lang.Object)'> (0x00000000cd129d30) 
thrown [s\src\hotspot\share\interpreter\linkResolver.cpp, line 771]
Event: 3.098 Thread 0x000002254d8a7d60 Exception <a 'java/lang/NoSuchMethodError'{0x00000000cd181d38}: 'java.lang.Object java.lang.invoke.DirectMethodHandle$Holder.invokeInterface(java.lang.Object, java.lang.Object)'> (0x00000000cd181d38) 
thrown [s\src\hotspot\share\interpreter\linkResolver.cpp, line 771]
Event: 4.191 Thread 0x000002254d8a7d60 Exception <a 'java/lang/NoSuchMethodError'{0x00000000ce97ada0}: 'java.lang.Object java.lang.invoke.DirectMethodHandle$Holder.invokeStaticInit(java.lang.Object, java.lang.Object, java.lang.Object)'> (0x00000000ce97ada0) 
thrown [s\src\hotspot\share\interpreter\linkResolver.cpp, line 771]
Event: 4.707 Thread 0x000002254d8a7d60 Implicit null exception at 0x0000022558898e8e to 0x00000225588990d4
Event: 4.707 Thread 0x000002254d8a7d60 Implicit null exception at 0x000002255896768f to 0x0000022558967705
Event: 4.805 Thread 0x000002254d8a7d60 Exception <a 'java/lang/NoSuchMethodError'{0x00000000ce0f1640}: 'java.lang.Object java.lang.invoke.DirectMethodHandle$Holder.newInvokeSpecial(java.lang.Object, int, java.lang.Object)'> (0x00000000ce0f1640) 
thrown [s\src\hotspot\share\interpreter\linkResolver.cpp, line 771]
Event: 4.806 Thread 0x000002254d8a7d60 Exception <a 'java/lang/NoSuchMethodError'{0x00000000ce0f7ca8}: 'int java.lang.invoke.DirectMethodHandle$Holder.invokeInterface(java.lang.Object, java.lang.Object)'> (0x00000000ce0f7ca8) 
thrown [s\src\hotspot\share\interpreter\linkResolver.cpp, line 771]
Event: 5.193 Thread 0x000002254d8a7d60 Exception <a 'java/lang/NoSuchMethodError'{0x00000000d0f35d60}: 'java.lang.Object java.lang.invoke.DirectMethodHandle$Holder.newInvokeSpecial(java.lang.Object, java.lang.Object, java.lang.Object, java.lang.Object, java.lang.Object, java.lang.Object)'> (0x00000000d0f35d60) 
thrown [s\src\hotspot\share\interpreter\linkResolver.cpp, line 771]
Event: 5.196 Thread 0x000002254d8a7d60 Exception <a 'java/lang/NoSuchMethodError'{0x00000000d0f5ad58}: 'int java.lang.invoke.DirectMethodHandle$Holder.invokeStaticInit(java.lang.Object, int)'> (0x00000000d0f5ad58) 
thrown [s\src\hotspot\share\interpreter\linkResolver.cpp, line 771]
Event: 5.535 Thread 0x000002254d8a7d60 Implicit null exception at 0x000002255897581a to 0x0000022558975988
Event: 5.535 Thread 0x000002254d8a7d60 Implicit null exception at 0x00000225588ce3d8 to 0x00000225588ce46a
Event: 5.680 Thread 0x000002254d8a7d60 Exception <a 'java/lang/NoSuchMethodError'{0x00000000d4487580}: 'int java.lang.invoke.DirectMethodHandle$Holder.invokeVirtual(java.lang.Object, java.lang.Object, java.lang.Object)'> (0x00000000d4487580) 
thrown [s\src\hotspot\share\interpreter\linkResolver.cpp, line 771]
Event: 5.934 Thread 0x000002254d8a7d60 Exception <a 'java/lang/NoSuchMethodError'{0x00000000d41f1750}: 'java.lang.Object java.lang.invoke.DirectMethodHandle$Holder.invokeStatic(java.lang.Object, java.lang.Object, java.lang.Object, java.lang.Object, int)'> (0x00000000d41f1750) 
thrown [s\src\hotspot\share\interpreter\linkResolver.cpp, line 771]
Event: 5.937 Thread 0x000002254d8a7d60 Exception <a 'java/lang/NoSuchMethodError'{0x00000000d41fb438}: 'java.lang.Object java.lang.invoke.DirectMethodHandle$Holder.newInvokeSpecial(java.lang.Object, java.lang.Object, java.lang.Object, java.lang.Object, int)'> (0x00000000d41fb438) 
thrown [s\src\hotspot\share\interpreter\linkResolver.cpp, line 771]
Event: 5.939 Thread 0x000002254d8a7d60 Exception <a 'java/lang/NoSuchMethodError'{0x00000000d40001b8}: 'java.lang.Object java.lang.invoke.DirectMethodHandle$Holder.invokeSpecial(java.lang.Object, java.lang.Object, java.lang.Object, java.lang.Object, java.lang.Object, int)'> (0x00000000d40001b8) 
thrown [s\src\hotspot\share\interpreter\linkResolver.cpp, line 771]
Event: 5.939 Thread 0x000002254d8a7d60 Exception <a 'java/lang/NoSuchMethodError'{0x00000000d4004908}: 'java.lang.Object java.lang.invoke.Invokers$Holder.linkToTargetMethod(java.lang.Object, java.lang.Object, java.lang.Object, int, java.lang.Object)'> (0x00000000d4004908) 
thrown [s\src\hotspot\share\interpreter\linkResolver.cpp, line 771]
Event: 6.086 Thread 0x000002254d8a7d60 Exception <a 'java/lang/NoSuchMethodError'{0x00000000d3fb6c50}: 'void java.lang.invoke.DirectMethodHandle$Holder.invokeInterface(java.lang.Object, java.lang.Object)'> (0x00000000d3fb6c50) 
thrown [s\src\hotspot\share\interpreter\linkResolver.cpp, line 771]
Event: 6.242 Thread 0x000002254d8a7d60 Exception <a 'java/lang/IncompatibleClassChangeError'{0x00000000d3daa720}: Found class java.lang.Object, but interface was expected> (0x00000000d3daa720) 
thrown [s\src\hotspot\share\interpreter\linkResolver.cpp, line 838]

VM Operations (20 events):
Event: 6.024 Executing VM operation: HandshakeAllThreads
Event: 6.024 Executing VM operation: HandshakeAllThreads done
Event: 6.024 Executing VM operation: HandshakeAllThreads
Event: 6.024 Executing VM operation: HandshakeAllThreads done
Event: 6.028 Executing VM operation: ICBufferFull
Event: 6.028 Executing VM operation: ICBufferFull done
Event: 6.038 Executing VM operation: HandshakeAllThreads
Event: 6.038 Executing VM operation: HandshakeAllThreads done
Event: 6.038 Executing VM operation: HandshakeAllThreads
Event: 6.038 Executing VM operation: HandshakeAllThreads done
Event: 6.056 Executing VM operation: HandshakeAllThreads
Event: 6.056 Executing VM operation: HandshakeAllThreads done
Event: 6.077 Executing VM operation: HandshakeAllThreads
Event: 6.077 Executing VM operation: HandshakeAllThreads done
Event: 6.142 Executing VM operation: HandshakeAllThreads
Event: 6.142 Executing VM operation: HandshakeAllThreads done
Event: 6.240 Executing VM operation: HandshakeAllThreads
Event: 6.240 Executing VM operation: HandshakeAllThreads done
Event: 6.290 Executing VM operation: ICBufferFull
Event: 6.290 Executing VM operation: ICBufferFull done

Events (20 events):
Event: 6.099 loading class java/util/stream/Node$OfPrimitive
Event: 6.100 loading class java/util/stream/Node$OfPrimitive done
Event: 6.100 loading class java/util/stream/Node$OfInt done
Event: 6.100 loading class java/util/stream/Nodes$EmptyNode$OfInt done
Event: 6.100 loading class java/util/stream/Nodes$EmptyNode$OfLong
Event: 6.101 loading class java/util/stream/Node$OfLong
Event: 6.101 loading class java/util/stream/Node$OfLong done
Event: 6.101 loading class java/util/stream/Nodes$EmptyNode$OfLong done
Event: 6.101 loading class java/util/stream/Nodes$EmptyNode$OfDouble
Event: 6.101 loading class java/util/stream/Node$OfDouble
Event: 6.101 loading class java/util/stream/Node$OfDouble done
Event: 6.101 loading class java/util/stream/Nodes$EmptyNode$OfDouble done
Event: 6.101 loading class java/util/stream/Nodes$SpinedNodeBuilder
Event: 6.102 loading class java/util/stream/Node$Builder
Event: 6.102 loading class java/util/stream/Node$Builder done
Event: 6.102 loading class java/util/stream/SpinedBuffer
Event: 6.103 loading class java/util/stream/AbstractSpinedBuffer
Event: 6.104 loading class java/util/stream/AbstractSpinedBuffer done
Event: 6.104 loading class java/util/stream/SpinedBuffer done
Event: 6.104 loading class java/util/stream/Nodes$SpinedNodeBuilder done


Dynamic libraries:
0x00007ff7294a0000 - 0x00007ff7294aa000 	C:\Program Files\Android\Android Studio\jbr\bin\java.exe
0x00007ffae3510000 - 0x00007ffae3707000 	C:\windows\SYSTEM32\ntdll.dll
0x00007ffae2b00000 - 0x00007ffae2bbd000 	C:\windows\System32\KERNEL32.DLL
0x00007ffae0bf0000 - 0x00007ffae0ee6000 	C:\windows\System32\KERNELBASE.dll
0x00007ffae1180000 - 0x00007ffae1280000 	C:\windows\System32\ucrtbase.dll
0x00007ffaa8930000 - 0x00007ffaa8947000 	C:\Program Files\Android\Android Studio\jbr\bin\jli.dll
0x00007ffae1600000 - 0x00007ffae179e000 	C:\windows\System32\USER32.dll
0x00007ffae10c0000 - 0x00007ffae10e2000 	C:\windows\System32\win32u.dll
0x00007ffae1cb0000 - 0x00007ffae1cdc000 	C:\windows\System32\GDI32.dll
0x00007ffae0ef0000 - 0x00007ffae100a000 	C:\windows\System32\gdi32full.dll
0x00007ffae1300000 - 0x00007ffae139d000 	C:\windows\System32\msvcp_win.dll
0x00007ffaa9f80000 - 0x00007ffaa9f9b000 	C:\Program Files\Android\Android Studio\jbr\bin\VCRUNTIME140.dll
0x00007ffacb500000 - 0x00007ffacb79a000 	C:\windows\WinSxS\amd64_microsoft.windows.common-controls_6595b64144ccf1df_6.0.19041.3570_none_60bb2a3971f3e41a\COMCTL32.dll
0x00007ffae2a60000 - 0x00007ffae2afe000 	C:\windows\System32\msvcrt.dll
0x00007ffae17b0000 - 0x00007ffae17e0000 	C:\windows\System32\IMM32.DLL
0x00007ffab39e0000 - 0x00007ffab39ec000 	C:\Program Files\Android\Android Studio\jbr\bin\vcruntime140_1.dll
0x00007ffaa8460000 - 0x00007ffaa84ed000 	C:\Program Files\Android\Android Studio\jbr\bin\msvcp140.dll
0x00007ffa4cfe0000 - 0x00007ffa4dc4e000 	C:\Program Files\Android\Android Studio\jbr\bin\server\jvm.dll
0x00007ffae29b0000 - 0x00007ffae2a5e000 	C:\windows\System32\ADVAPI32.dll
0x00007ffae1c10000 - 0x00007ffae1cac000 	C:\windows\System32\sechost.dll
0x00007ffae1910000 - 0x00007ffae1a36000 	C:\windows\System32\RPCRT4.dll
0x00007ffac2910000 - 0x00007ffac2919000 	C:\windows\SYSTEM32\WSOCK32.dll
0x00007ffae24f0000 - 0x00007ffae255b000 	C:\windows\System32\WS2_32.dll
0x00007ffad7f90000 - 0x00007ffad7fb7000 	C:\windows\SYSTEM32\WINMM.dll
0x00007ffad7fc0000 - 0x00007ffad7fca000 	C:\windows\SYSTEM32\VERSION.dll
0x00007ffadea70000 - 0x00007ffadea82000 	C:\windows\SYSTEM32\kernel.appcore.dll
0x00007ffad95a0000 - 0x00007ffad95aa000 	C:\Program Files\Android\Android Studio\jbr\bin\jimage.dll
0x00007fface140000 - 0x00007fface324000 	C:\windows\SYSTEM32\DBGHELP.DLL
0x00007ffac8e00000 - 0x00007ffac8e34000 	C:\windows\SYSTEM32\dbgcore.DLL
0x00007ffae10f0000 - 0x00007ffae1172000 	C:\windows\System32\bcryptPrimitives.dll
0x00007ffaaaab0000 - 0x00007ffaaaad5000 	C:\Program Files\Android\Android Studio\jbr\bin\java.dll
0x00007ffaaaa90000 - 0x00007ffaaaaa8000 	C:\Program Files\Android\Android Studio\jbr\bin\zip.dll
0x00007ffae1d40000 - 0x00007ffae2484000 	C:\windows\System32\SHELL32.dll
0x00007ffadec90000 - 0x00007ffadf42b000 	C:\windows\SYSTEM32\windows.storage.dll
0x00007ffae3170000 - 0x00007ffae34c4000 	C:\windows\System32\combase.dll
0x00007ffae05c0000 - 0x00007ffae05ed000 	C:\windows\SYSTEM32\Wldp.dll
0x00007ffae2710000 - 0x00007ffae27bd000 	C:\windows\System32\SHCORE.dll
0x00007ffae2950000 - 0x00007ffae29a5000 	C:\windows\System32\shlwapi.dll
0x00007ffae0b20000 - 0x00007ffae0b45000 	C:\windows\SYSTEM32\profapi.dll
0x00007ffaa8d10000 - 0x00007ffaa8d29000 	C:\Program Files\Android\Android Studio\jbr\bin\net.dll
0x00007ffadadc0000 - 0x00007ffadaeca000 	C:\windows\SYSTEM32\WINHTTP.dll
0x00007ffae0320000 - 0x00007ffae038a000 	C:\windows\system32\mswsock.dll
0x00007ffaa8cf0000 - 0x00007ffaa8d06000 	C:\Program Files\Android\Android Studio\jbr\bin\nio.dll
0x00007ffaaa950000 - 0x00007ffaaa960000 	C:\Program Files\Android\Android Studio\jbr\bin\verify.dll

dbghelp: loaded successfully - version: 4.0.5 - missing functions: none
symbol engine: initialized successfully - sym options: 0x614 - pdb path: .;C:\Program Files\Android\Android Studio\jbr\bin;C:\windows\SYSTEM32;C:\windows\WinSxS\amd64_microsoft.windows.common-controls_6595b64144ccf1df_6.0.19041.3570_none_60bb2a3971f3e41a;C:\Program Files\Android\Android Studio\jbr\bin\server

VM Arguments:
java_command: org.jetbrains.kotlin.cli.jvm.K2JVMCompiler @C:\AndroidStudioWorks\TestBook\app\build\20231021_8003453884080947456.compiler.options
java_class_path (initial): C:\Users\zhold\.gradle\caches\modules-2\files-2.1\org.jetbrains.kotlin\kotlin-compiler-embeddable\1.8.10\b0757fd774344d54ce93f5ad6c30ba1c1731c8ff\kotlin-compiler-embeddable-1.8.10.jar;C:\Users\zhold\.gradle\caches\modules-2\files-2.1\org.jetbrains.kotlin\kotlin-stdlib\1.8.10\6d5560a229477df9406943d5feda5618e98eb64c\kotlin-stdlib-1.8.10.jar;C:\Users\zhold\.gradle\caches\modules-2\files-2.1\org.jetbrains.kotlin\kotlin-script-runtime\1.8.10\b13ea9c7e46d589139e56086a878763290e20bd5\kotlin-script-runtime-1.8.10.jar;C:\Users\zhold\.gradle\caches\modules-2\files-2.1\org.jetbrains.kotlin\kotlin-reflect\1.6.10\1cbe9c92c12a94eea200d23c2bbaedaf3daf5132\kotlin-reflect-1.6.10.jar;C:\Users\zhold\.gradle\caches\modules-2\files-2.1\org.jetbrains.kotlin\kotlin-daemon-embeddable\1.8.10\ad8541d9bc1cf9e52c3204161247910c2cf601d4\kotlin-daemon-embeddable-1.8.10.jar;C:\Users\zhold\.gradle\caches\modules-2\files-2.1\org.jetbrains.intellij.deps\trove4j\1.0.20200330\3afb14d5f9ceb459d724e907a21145e8ff394f02\trove4j-1.0.20200330.jar;C:\Users\zhold\.gradle\caches\modules-2\files-2.1\net.java.dev.jna\jna\5.6.0\330f2244e9030119ab3030fc3fededc86713d9cc\jna-5.6.0.jar;C:\Users\zhold\.gradle\caches\modules-2\files-2.1\org.jetbrains.kotlin\kotlin-stdlib-common\1.8.10\a61b182458550492c12aee66157d7b524a63a5ec\kotlin-stdlib-common-1.8.10.jar;C:\Users\zhold\.gradle\caches\modules-2\files-2.1\org.jetbrains\annotations\13.0\919f0dfe192fb4e063e7dacadee7f8bb9a2672a9\annotations-13.0.jar
Launcher Type: SUN_STANDARD

[Global flags]
     intx CICompilerCount                          = 3                                         {product} {ergonomic}
     uint ConcGCThreads                            = 1                                         {product} {ergonomic}
     uint G1ConcRefinementThreads                  = 4                                         {product} {ergonomic}
   size_t G1HeapRegionSize                         = 1048576                                   {product} {ergonomic}
    uintx GCDrainStackTargetSize                   = 64                                        {product} {ergonomic}
   size_t InitialHeapSize                          = 56623104                                  {product} {ergonomic}
   size_t MarkStackSize                            = 4194304                                   {product} {ergonomic}
   size_t MaxHeapSize                              = 903872512                                 {product} {ergonomic}
   size_t MaxNewSize                               = 542113792                                 {product} {ergonomic}
   size_t MinHeapDeltaBytes                        = 1048576                                   {product} {ergonomic}
   size_t MinHeapSize                              = 8388608                                   {product} {ergonomic}
    uintx NonNMethodCodeHeapSize                   = 5832780                                {pd product} {ergonomic}
    uintx NonProfiledCodeHeapSize                  = 122912730                              {pd product} {ergonomic}
    uintx ProfiledCodeHeapSize                     = 122912730                              {pd product} {ergonomic}
    uintx ReservedCodeCacheSize                    = 251658240                              {pd product} {ergonomic}
     bool SegmentedCodeCache                       = true                                      {product} {ergonomic}
   size_t SoftMaxHeapSize                          = 903872512                              {manageable} {ergonomic}
     bool UseCompressedClassPointers               = true                           {product lp64_product} {ergonomic}
     bool UseCompressedOops                        = true                           {product lp64_product} {ergonomic}
     bool UseG1GC                                  = true                                      {product} {ergonomic}
     bool UseLargePagesIndividualAllocation        = false                                  {pd product} {ergonomic}

Logging:
Log output configuration:
 #0: stdout all=warning uptime,level,tags
 #1: stderr all=off uptime,level,tags

Environment Variables:
PATH=C:\Program Files (x86)\VMware\bin\;C:\Program Files\Common Files\Oracle\Java\javapath;C:\Program Files (x86)\Common Files\Oracle\Java\javapath;C:\windows\system32;C:\windows;C:\windows\System32\Wbem;C:\windows\System32\WindowsPowerShell\v1.0\;C:\windows\System32\OpenSSH\;C:\Program Files\7-Zip;C:\Program Files\nodejs\;C:\Program Files\Git\cmd;C:\Program Files\Go\bin;C:\Program Files\Cloudflare\Cloudflare WARP\;C:\Users\zhold\Downloads\mongosh-1.6.1-win32-x64\mongosh-1.6.1-win32-x64;C:\Program Files\MongoDB\Tools\100\bin;C:\Users\zhold\AppData\Local\Microsoft\WindowsApps;C:\Users\zhold\AppData\Roaming\npm;C:\Users\zhold\AppData\Local\GitHubDesktop\bin;C:\Users\zhold\AppData\Local\Programs\Microsoft VS Code\bin;C:\Program Files\heroku\bin;C:\Users\zhold\go\bin
USERNAME=zhold
OS=Windows_NT
PROCESSOR_IDENTIFIER=AMD64 Family 23 Model 96 Stepping 1, AuthenticAMD
TMP=C:\Users\zhold\AppData\Local\Temp
TEMP=C:\Users\zhold\AppData\Local\Temp


JNI global refs:
JNI global refs: 8, weak refs: 12

JNI global refs memory usage: 843, weak refs: 841


---------------  S Y S T E M  ---------------

OS:
 Windows 10 , 64 bit Build 19041 (10.0.19041.3570)
OS uptime: 0 days 2:06 hours

CPU: total 4 (initial active 4) (4 cores per cpu, 1 threads per core) family 23 model 96 stepping 1 microcode 0x0, cx8, cmov, fxsr, mmx, 3dnowpref, sse, sse2, sse3, ssse3, sse4a, sse4.1, sse4.2, popcnt, lzcnt, tsc, tscinvbit, avx, avx2, aes, clmul, bmi1, bmi2, adx, sha, fma, vzeroupper, clflush, clflushopt

Memory: 4k page, system-wide physical 3445M (150M free)
TotalPageFile size 14197M (AvailPageFile size 4M)
current process WorkingSet (physical memory assigned to process): 197M, peak: 242M
current process commit charge ("private bytes"): 383M, peak: 384M

vm_info: OpenJDK 64-Bit Server VM (17.0.6+0-b2043.56-10027231) for windows-amd64 JRE (17.0.6+0-b2043.56-10027231), built on Apr 28 2023 00:43:19 by "androidbuild" with MS VC++ 16.10 / 16.11 (VS2019)

END.
